<?xml version="1.0" encoding="UTF-8"?>
<!-- Generated by org.testng.reporters.JUnitXMLReporter -->
<testsuite ignored="0" hostname="DESKTOP-0S1VJHF" failures="0" tests="11" name="Linux-Firefox" time="150.291" errors="0" timestamp="2025-03-24T18:41:49 IST">
  <testcase classname="testCases.TC001_AccountRegistrationTest" name="verify_account_registration" time="6.029"/>
  <testcase classname="testCases.TC002_LoginTest" name="verify_login" time="3.99"/>
  <testcase classname="testCases.TC003_LoginDDT" name="verify_loginDDT" time="5.942"/>
  <testcase classname="testCases.TC003_LoginDDT" name="verify_loginDDT" time="14.46"/>
  <testcase classname="testCases.TC003_LoginDDT" name="verify_loginDDT" time="5.255"/>
  <testcase classname="testCases.TC003_LoginDDT" name="verify_loginDDT" time="14.656"/>
  <testcase classname="testCases.TC003_LoginDDT" name="verify_loginDDT" time="14.266"/>
  <testcase classname="testCases.TC003_LoginDDT" name="verify_loginDDT" time="14.745"/>
  <testcase classname="testCases.TC003_LoginDDT" name="verify_loginDDT" time="14.358"/>
  <testcase classname="testCases.TC003_LoginDDT" name="verify_loginDDT" time="14.346"/>
  <testcase classname="testCases.TC003_LoginDDT" name="verify_loginDDT" time="4.822"/>
</testsuite> <!-- Linux-Firefox -->
