<?xml version="1.0" encoding="UTF-8"?>
<!-- Generated by org.testng.reporters.JUnitXMLReporter -->
<testsuite ignored="0" hostname="DESKTOP-0S1VJHF" failures="0" tests="4" name="Linux-Chrome" time="71.835" errors="0" timestamp="2025-03-25T12:45:58 IST">
  <testcase classname="testCases.TC001_AccountRegistrationTest" name="verify_account_registration" time="3.755"/>
  <testcase classname="testCases.TC002_LoginTest" name="verify_login" time="3.773"/>
  <testcase classname="testCases.TC003_LoginDDT" name="verify_loginDDT" time="6.007"/>
  <testcase classname="testCases.TC003_LoginDDT" name="verify_loginDDT" time="41.428"/>
</testsuite> <!-- Linux-Chrome -->
