<?xml version="1.0" encoding="UTF-8"?>
<!-- Generated by org.testng.reporters.JUnitXMLReporter -->
<testsuite ignored="0" hostname="DESKTOP-0S1VJHF" failures="0" tests="11" name="Test" time="137.428" errors="0" timestamp="2025-04-01T11:35:58 IST">
  <testcase classname="testCases.TC001_AccountRegistrationTest" name="verify_account_registration" time="4.55"/>
  <testcase classname="testCases.TC002_LoginTest" name="verify_login" time="2.12"/>
  <testcase classname="testCases.TC003_LoginDDT" name="verify_loginDDT" time="5.803"/>
  <testcase classname="testCases.TC003_LoginDDT" name="verify_loginDDT" time="15.064"/>
  <testcase classname="testCases.TC003_LoginDDT" name="verify_loginDDT" time="5.534"/>
  <testcase classname="testCases.TC003_LoginDDT" name="verify_loginDDT" time="14.878"/>
  <testcase classname="testCases.TC003_LoginDDT" name="verify_loginDDT" time="15.044"/>
  <testcase classname="testCases.TC003_LoginDDT" name="verify_loginDDT" time="18.238"/>
  <testcase classname="testCases.TC003_LoginDDT" name="verify_loginDDT" time="15.025"/>
  <testcase classname="testCases.TC003_LoginDDT" name="verify_loginDDT" time="14.857"/>
  <testcase classname="testCases.TC003_LoginDDT" name="verify_loginDDT" time="5.693"/>
</testsuite> <!-- Test -->
